<?xml version="1.0" encoding="UTF-8"?>
<!-- Generated by org.testng.reporters.JUnitXMLReporter -->
<testsuite hostname="Tenzins-MacBook-Pro.local" ignored="1" name="Test" tests="4" failures="0" timestamp="2022-08-18T16:57:03 EDT" time="41.908" errors="0">
  <testcase name="register" time="4.162" classname="com.walgreens.qa.register.RegistrationTestData"/>
  <testcase name="register" time="4.218" classname="com.walgreens.qa.register.RegistrationTestData"/>
  <testcase name="register" time="5.072" classname="com.walgreens.qa.register.RegistrationTestExcel2D"/>
  <testcase name="register" time="5.474" classname="com.walgreens.qa.register.RegistrationTestExcel2D"/>
  <testcase name="register" time="0.0" classname="com.walgreens.qa.register.RegistrationTestParameter">
    <ignored/>
  </testcase> <!-- register -->
</testsuite> <!-- Test -->
